    12>D:\projects\misis2023f-23-check\misis2024s-23-02-naumov-r-y\prj.check\prj.check\doctest_queuearr\doctest_queuearr.cpp(3,10): error C1083: Не удается открыть файл включение: queuearr/queuearr.hpp: No such file or directory, [D:\projects\misis2023f-23-check\misis2024s-23-02-naumov-r-y\build.check\prj.check\prj.check\doctest_queuearr\doctest_queuearr.vcxproj]
     5>D:\projects\misis2023f-23-check\misis2024s-23-02-naumov-r-y\prj.check\prj.check\doctest_bitset\doctest_bitset_moveable.cpp(3,10): error C1083: Не удается открыть файл включение: bitset/bitset.hpp: No such file or directory, [D:\projects\misis2023f-23-check\misis2024s-23-02-naumov-r-y\build.check\prj.check\prj.check\doctest_bitset\doctest_bitset_m.vcxproj]
    19>D:\projects\misis2023f-23-check\misis2024s-23-02-naumov-r-y\prj.check\prj.check\doctest_queuearr\doctest_queuearr_moveable.cpp(3,10): error C1083: Не удается открыть файл включение: queuearr/queuearr.hpp: No such file or directory, [D:\projects\misis2023f-23-check\misis2024s-23-02-naumov-r-y\build.check\prj.check\prj.check\doctest_queuearr\doctest_queuearr_m.vcxproj]
    13>D:\projects\misis2023f-23-check\misis2024s-23-02-naumov-r-y\prj.check\prj.check\doctest_bitset\doctest_bitset.cpp(3,10): error C1083: Не удается открыть файл включение: bitset/bitset.hpp: No such file or directory, [D:\projects\misis2023f-23-check\misis2024s-23-02-naumov-r-y\build.check\prj.check\prj.check\doctest_bitset\doctest_bitset.vcxproj]
    22>D:\projects\misis2023f-23-check\misis2024s-23-02-naumov-r-y\prj.check\prj.check\doctest_queuelstpr\doctest_queuelstpr.cpp(3,10): error C1083: Не удается открыть файл включение: queuelstpr/queuelstpr.hpp: No such file or directory, [D:\projects\misis2023f-23-check\misis2024s-23-02-naumov-r-y\build.check\prj.check\prj.check\doctest_queuelstpr\doctest_queuelstpr.vcxproj]
    20>D:\projects\misis2023f-23-check\misis2024s-23-02-naumov-r-y\prj.check\prj.check\doctest_queuelst\doctest_queuelst.cpp(3,10): error C1083: Не удается открыть файл включение: queuelst/queuelst.hpp: No such file or directory, [D:\projects\misis2023f-23-check\misis2024s-23-02-naumov-r-y\build.check\prj.check\prj.check\doctest_queuelst\doctest_queuelst.vcxproj]
    23>D:\projects\misis2023f-23-check\misis2024s-23-02-naumov-r-y\prj.check\prj.check\doctest_queuelst\doctest_queuelst_moveable.cpp(3,10): error C1083: Не удается открыть файл включение: queuelst/queuelst.hpp: No such file or directory, [D:\projects\misis2023f-23-check\misis2024s-23-02-naumov-r-y\build.check\prj.check\prj.check\doctest_queuelst\doctest_queuelst_m.vcxproj]
    21>D:\projects\misis2023f-23-check\misis2024s-23-02-naumov-r-y\prj.check\prj.check\doctest_queuelstpr\doctest_queuelstpr_moveable.cpp(3,10): error C1083: Не удается открыть файл включение: queuelstpr/queuelstpr.hpp: No such file or directory, [D:\projects\misis2023f-23-check\misis2024s-23-02-naumov-r-y\build.check\prj.check\prj.check\doctest_queuelstpr\doctest_queuelstpr_m.vcxproj]
    28>D:\projects\misis2023f-23-check\misis2024s-23-02-naumov-r-y\prj.check\prj.check\doctest_stackarr\doctest_stackarr.cpp(3,10): error C1083: Не удается открыть файл включение: stackarr/stackarr.hpp: No such file or directory, [D:\projects\misis2023f-23-check\misis2024s-23-02-naumov-r-y\build.check\prj.check\prj.check\doctest_stackarr\doctest_stackarr.vcxproj]
    30>D:\projects\misis2023f-23-check\misis2024s-23-02-naumov-r-y\prj.check\prj.check\doctest_stacklst\doctest_stacklst.cpp(3,10): error C1083: Не удается открыть файл включение: stacklst/stacklst.hpp: No such file or directory, [D:\projects\misis2023f-23-check\misis2024s-23-02-naumov-r-y\build.check\prj.check\prj.check\doctest_stacklst\doctest_stacklst.vcxproj]
    29>D:\projects\misis2023f-23-check\misis2024s-23-02-naumov-r-y\prj.check\prj.check\doctest_stackarr\doctest_stackarr_moveable.cpp(3,10): error C1083: Не удается открыть файл включение: stackarr/stackarr.hpp: No such file or directory, [D:\projects\misis2023f-23-check\misis2024s-23-02-naumov-r-y\build.check\prj.check\prj.check\doctest_stackarr\doctest_stackarr_m.vcxproj]
    31>D:\projects\misis2023f-23-check\misis2024s-23-02-naumov-r-y\prj.check\prj.check\doctest_stacklst\doctest_stacklst_moveable.cpp(3,10): error C1083: Не удается открыть файл включение: stacklst/stacklst.hpp: No such file or directory, [D:\projects\misis2023f-23-check\misis2024s-23-02-naumov-r-y\build.check\prj.check\prj.check\doctest_stacklst\doctest_stacklst_m.vcxproj]
     4>D:\projects\misis2023f-23-check\misis2024s-23-02-naumov-r-y\prj.check\prj.check\doctest_dynarr\doctest_dynarr.cpp(16,3): error C3861: DynArr: идентификатор не найден [D:\projects\misis2023f-23-check\misis2024s-23-02-naumov-r-y\build.check\prj.check\prj.check\doctest_dynarr\doctest_dynarr.vcxproj]
     4>D:\projects\misis2023f-23-check\misis2024s-23-02-naumov-r-y\prj.check\prj.check\doctest_dynarr\doctest_dynarr.cpp(17,3): error C3861: DynArr: идентификатор не найден [D:\projects\misis2023f-23-check\misis2024s-23-02-naumov-r-y\build.check\prj.check\prj.check\doctest_dynarr\doctest_dynarr.vcxproj]
     7>D:\projects\misis2023f-23-check\misis2024s-23-02-naumov-r-y\prj.check\prj.check\doctest_dynarr\doctest_dynarr_moveable.cpp(8,1): error C2065: DynArr: необъявленный идентификатор [D:\projects\misis2023f-23-check\misis2024s-23-02-naumov-r-y\build.check\prj.check\prj.check\doctest_dynarr\doctest_dynarr_m.vcxproj]
     4>D:\projects\misis2023f-23-check\misis2024s-23-02-naumov-r-y\prj.check\prj.check\doctest_dynarr\doctest_dynarr.cpp(24,3): error C2065: DynArr: необъявленный идентификатор [D:\projects\misis2023f-23-check\misis2024s-23-02-naumov-r-y\build.check\prj.check\prj.check\doctest_dynarr\doctest_dynarr.vcxproj]
     4>D:\projects\misis2023f-23-check\misis2024s-23-02-naumov-r-y\prj.check\prj.check\doctest_dynarr\doctest_dynarr.cpp(24,10): error C2146: синтаксическая ошибка: отсутствие ";" перед идентификатором "ar" [D:\projects\misis2023f-23-check\misis2024s-23-02-naumov-r-y\build.check\prj.check\prj.check\doctest_dynarr\doctest_dynarr.vcxproj]
     4>D:\projects\misis2023f-23-check\misis2024s-23-02-naumov-r-y\prj.check\prj.check\doctest_dynarr\doctest_dynarr.cpp(24,10): error C3861: ar: идентификатор не найден [D:\projects\misis2023f-23-check\misis2024s-23-02-naumov-r-y\build.check\prj.check\prj.check\doctest_dynarr\doctest_dynarr.vcxproj]
     7>D:\projects\misis2023f-23-check\misis2024s-23-02-naumov-r-y\prj.check\prj.check\doctest_dynarr\doctest_dynarr_moveable.cpp(8,1): error C3544: "Types": пакет параметров ожидает аргумент шаблона типа [D:\projects\misis2023f-23-check\misis2024s-23-02-naumov-r-y\build.check\prj.check\prj.check\doctest_dynarr\doctest_dynarr_m.vcxproj]
     7>D:\projects\misis2023f-23-check\misis2024s-23-02-naumov-r-y\prj.check\prj.check\doctest_dynarr\doctest_dynarr_moveable.cpp(8,1): error C3203: "tuple": неспециализированный класс шаблон нельзя использовать в качестве аргумента шаблон для параметра шаблон "Tuple", требуется действительный тип [D:\projects\misis2023f-23-check\misis2024s-23-02-naumov-r-y\build.check\prj.check\prj.check\doctest_dynarr\doctest_dynarr_m.vcxproj]
     4>D:\projects\misis2023f-23-check\misis2024s-23-02-naumov-r-y\prj.check\prj.check\doctest_dynarr\doctest_dynarr.cpp(25,3): error C2065: ar: необъявленный идентификатор [D:\projects\misis2023f-23-check\misis2024s-23-02-naumov-r-y\build.check\prj.check\prj.check\doctest_dynarr\doctest_dynarr.vcxproj]
     7>D:\projects\misis2023f-23-check\misis2024s-23-02-naumov-r-y\prj.check\prj.check\doctest_dynarr\doctest_dynarr_moveable.cpp(8,1): error C2027: использование неопределенного типа "`anonymous-namespace'::test_movableITERATOR<int>" [D:\projects\misis2023f-23-check\misis2024s-23-02-naumov-r-y\build.check\prj.check\prj.check\doctest_dynarr\doctest_dynarr_m.vcxproj]
     4>D:\projects\misis2023f-23-check\misis2024s-23-02-naumov-r-y\prj.check\prj.check\doctest_dynarr\doctest_dynarr.cpp(25,3): error C2672: "doctest::detail::ResultBuilder::binary_assert": не найдена соответствующая перегруженная функция [D:\projects\misis2023f-23-check\misis2024s-23-02-naumov-r-y\build.check\prj.check\prj.check\doctest_dynarr\doctest_dynarr.vcxproj]
     7>D:\projects\misis2023f-23-check\misis2024s-23-02-naumov-r-y\prj.check\prj.check\doctest_dynarr\doctest_dynarr_moveable.cpp(8,1): error C2672: "doctest::detail::instantiationHelper": не найдена соответствующая перегруженная функция [D:\projects\misis2023f-23-check\misis2024s-23-02-naumov-r-y\build.check\prj.check\prj.check\doctest_dynarr\doctest_dynarr_m.vcxproj]
     7>D:\projects\misis2023f-23-check\misis2024s-23-02-naumov-r-y\prj.check\prj.check\doctest_dynarr\doctest_dynarr_moveable.cpp(8,1): error C2660: doctest::detail::consume: функция не принимает 1 аргументов [D:\projects\misis2023f-23-check\misis2024s-23-02-naumov-r-y\build.check\prj.check\prj.check\doctest_dynarr\doctest_dynarr_m.vcxproj]
     7>D:\projects\misis2023f-23-check\misis2024s-23-02-naumov-r-y\prj.check\prj.check\doctest_dynarr\doctest_dynarr_moveable.cpp(11,3): error C2065: DynArr: необъявленный идентификатор [D:\projects\misis2023f-23-check\misis2024s-23-02-naumov-r-y\build.check\prj.check\prj.check\doctest_dynarr\doctest_dynarr_m.vcxproj]
     7>D:\projects\misis2023f-23-check\misis2024s-23-02-naumov-r-y\prj.check\prj.check\doctest_dynarr\doctest_dynarr_moveable.cpp(11,10): error C2146: синтаксическая ошибка: отсутствие ";" перед идентификатором "ar_orig" [D:\projects\misis2023f-23-check\misis2024s-23-02-naumov-r-y\build.check\prj.check\prj.check\doctest_dynarr\doctest_dynarr_m.vcxproj]
     7>D:\projects\misis2023f-23-check\misis2024s-23-02-naumov-r-y\prj.check\prj.check\doctest_dynarr\doctest_dynarr_moveable.cpp(11,10): error C3861: ar_orig: идентификатор не найден [D:\projects\misis2023f-23-check\misis2024s-23-02-naumov-r-y\build.check\prj.check\prj.check\doctest_dynarr\doctest_dynarr_m.vcxproj]
     7>D:\projects\misis2023f-23-check\misis2024s-23-02-naumov-r-y\prj.check\prj.check\doctest_dynarr\doctest_dynarr_moveable.cpp(12,3): error C2065: DynArr: необъявленный идентификатор [D:\projects\misis2023f-23-check\misis2024s-23-02-naumov-r-y\build.check\prj.check\prj.check\doctest_dynarr\doctest_dynarr_m.vcxproj]
     7>D:\projects\misis2023f-23-check\misis2024s-23-02-naumov-r-y\prj.check\prj.check\doctest_dynarr\doctest_dynarr_moveable.cpp(12,10): error C2146: синтаксическая ошибка: отсутствие ";" перед идентификатором "ar_dest" [D:\projects\misis2023f-23-check\misis2024s-23-02-naumov-r-y\build.check\prj.check\prj.check\doctest_dynarr\doctest_dynarr_m.vcxproj]
     7>D:\projects\misis2023f-23-check\misis2024s-23-02-naumov-r-y\prj.check\prj.check\doctest_dynarr\doctest_dynarr_moveable.cpp(12,10): error C2065: ar_dest: необъявленный идентификатор [D:\projects\misis2023f-23-check\misis2024s-23-02-naumov-r-y\build.check\prj.check\prj.check\doctest_dynarr\doctest_dynarr_m.vcxproj]
     7>D:\projects\misis2023f-23-check\misis2024s-23-02-naumov-r-y\prj.check\prj.check\doctest_dynarr\doctest_dynarr_moveable.cpp(12,30): error C2065: ar_orig: необъявленный идентификатор [D:\projects\misis2023f-23-check\misis2024s-23-02-naumov-r-y\build.check\prj.check\prj.check\doctest_dynarr\doctest_dynarr_m.vcxproj]
     7>D:\projects\misis2023f-23-check\misis2024s-23-02-naumov-r-y\prj.check\prj.check\doctest_dynarr\doctest_dynarr_moveable.cpp(13,3): error C2065: ar_dest: необъявленный идентификатор [D:\projects\misis2023f-23-check\misis2024s-23-02-naumov-r-y\build.check\prj.check\prj.check\doctest_dynarr\doctest_dynarr_m.vcxproj]
     7>D:\projects\misis2023f-23-check\misis2024s-23-02-naumov-r-y\prj.check\prj.check\doctest_dynarr\doctest_dynarr_moveable.cpp(14,11): error C2065: ar_orig: необъявленный идентификатор [D:\projects\misis2023f-23-check\misis2024s-23-02-naumov-r-y\build.check\prj.check\prj.check\doctest_dynarr\doctest_dynarr_m.vcxproj]
     7>D:\projects\misis2023f-23-check\misis2024s-23-02-naumov-r-y\prj.check\prj.check\doctest_dynarr\doctest_dynarr_moveable.cpp(14,33): error C2065: ar_dest: необъявленный идентификатор [D:\projects\misis2023f-23-check\misis2024s-23-02-naumov-r-y\build.check\prj.check\prj.check\doctest_dynarr\doctest_dynarr_m.vcxproj]
     7>D:\projects\misis2023f-23-check\misis2024s-23-02-naumov-r-y\prj.check\prj.check\doctest_dynarr\doctest_dynarr_moveable.cpp(15,5): error C2065: ar_orig: необъявленный идентификатор [D:\projects\misis2023f-23-check\misis2024s-23-02-naumov-r-y\build.check\prj.check\prj.check\doctest_dynarr\doctest_dynarr_m.vcxproj]
     7>D:\projects\misis2023f-23-check\misis2024s-23-02-naumov-r-y\prj.check\prj.check\doctest_dynarr\doctest_dynarr_moveable.cpp(15,5): error C2065: ar_dest: необъявленный идентификатор [D:\projects\misis2023f-23-check\misis2024s-23-02-naumov-r-y\build.check\prj.check\prj.check\doctest_dynarr\doctest_dynarr_m.vcxproj]
     7>D:\projects\misis2023f-23-check\misis2024s-23-02-naumov-r-y\prj.check\prj.check\doctest_dynarr\doctest_dynarr_moveable.cpp(20,3): error C2065: DynArr: необъявленный идентификатор [D:\projects\misis2023f-23-check\misis2024s-23-02-naumov-r-y\build.check\prj.check\prj.check\doctest_dynarr\doctest_dynarr_m.vcxproj]
     7>D:\projects\misis2023f-23-check\misis2024s-23-02-naumov-r-y\prj.check\prj.check\doctest_dynarr\doctest_dynarr_moveable.cpp(20,10): error C2146: синтаксическая ошибка: отсутствие ";" перед идентификатором "ar_orig" [D:\projects\misis2023f-23-check\misis2024s-23-02-naumov-r-y\build.check\prj.check\prj.check\doctest_dynarr\doctest_dynarr_m.vcxproj]
     4>D:\projects\misis2023f-23-check\misis2024s-23-02-naumov-r-y\prj.check\prj.check\doctest_dynarr\doctest_dynarr.cpp(26,3): error C2065: ar: необъявленный идентификатор [D:\projects\misis2023f-23-check\misis2024s-23-02-naumov-r-y\build.check\prj.check\prj.check\doctest_dynarr\doctest_dynarr.vcxproj]
     7>D:\projects\misis2023f-23-check\misis2024s-23-02-naumov-r-y\prj.check\prj.check\doctest_dynarr\doctest_dynarr_moveable.cpp(20,10): error C3861: ar_orig: идентификатор не найден [D:\projects\misis2023f-23-check\misis2024s-23-02-naumov-r-y\build.check\prj.check\prj.check\doctest_dynarr\doctest_dynarr_m.vcxproj]
     7>D:\projects\misis2023f-23-check\misis2024s-23-02-naumov-r-y\prj.check\prj.check\doctest_dynarr\doctest_dynarr_moveable.cpp(21,3): error C2065: DynArr: необъявленный идентификатор [D:\projects\misis2023f-23-check\misis2024s-23-02-naumov-r-y\build.check\prj.check\prj.check\doctest_dynarr\doctest_dynarr_m.vcxproj]
     7>D:\projects\misis2023f-23-check\misis2024s-23-02-naumov-r-y\prj.check\prj.check\doctest_dynarr\doctest_dynarr_moveable.cpp(21,10): error C2146: синтаксическая ошибка: отсутствие ";" перед идентификатором "ar_dest" [D:\projects\misis2023f-23-check\misis2024s-23-02-naumov-r-y\build.check\prj.check\prj.check\doctest_dynarr\doctest_dynarr_m.vcxproj]
     4>D:\projects\misis2023f-23-check\misis2024s-23-02-naumov-r-y\prj.check\prj.check\doctest_dynarr\doctest_dynarr.cpp(26,3): error C2672: "doctest::detail::ResultBuilder::binary_assert": не найдена соответствующая перегруженная функция [D:\projects\misis2023f-23-check\misis2024s-23-02-naumov-r-y\build.check\prj.check\prj.check\doctest_dynarr\doctest_dynarr.vcxproj]
     7>D:\projects\misis2023f-23-check\misis2024s-23-02-naumov-r-y\prj.check\prj.check\doctest_dynarr\doctest_dynarr_moveable.cpp(21,10): error C3861: ar_dest: идентификатор не найден [D:\projects\misis2023f-23-check\misis2024s-23-02-naumov-r-y\build.check\prj.check\prj.check\doctest_dynarr\doctest_dynarr_m.vcxproj]
     7>D:\projects\misis2023f-23-check\misis2024s-23-02-naumov-r-y\prj.check\prj.check\doctest_dynarr\doctest_dynarr_moveable.cpp(22,3): error C2065: ar_dest: необъявленный идентификатор [D:\projects\misis2023f-23-check\misis2024s-23-02-naumov-r-y\build.check\prj.check\prj.check\doctest_dynarr\doctest_dynarr_m.vcxproj]
     7>D:\projects\misis2023f-23-check\misis2024s-23-02-naumov-r-y\prj.check\prj.check\doctest_dynarr\doctest_dynarr_moveable.cpp(22,23): error C2065: ar_orig: необъявленный идентификатор [D:\projects\misis2023f-23-check\misis2024s-23-02-naumov-r-y\build.check\prj.check\prj.check\doctest_dynarr\doctest_dynarr_m.vcxproj]
     7>D:\projects\misis2023f-23-check\misis2024s-23-02-naumov-r-y\prj.check\prj.check\doctest_dynarr\doctest_dynarr_moveable.cpp(23,3): error C2065: ar_dest: необъявленный идентификатор [D:\projects\misis2023f-23-check\misis2024s-23-02-naumov-r-y\build.check\prj.check\prj.check\doctest_dynarr\doctest_dynarr_m.vcxproj]
     7>D:\projects\misis2023f-23-check\misis2024s-23-02-naumov-r-y\prj.check\prj.check\doctest_dynarr\doctest_dynarr_moveable.cpp(24,11): error C2065: ar_orig: необъявленный идентификатор [D:\projects\misis2023f-23-check\misis2024s-23-02-naumov-r-y\build.check\prj.check\prj.check\doctest_dynarr\doctest_dynarr_m.vcxproj]
     7>D:\projects\misis2023f-23-check\misis2024s-23-02-naumov-r-y\prj.check\prj.check\doctest_dynarr\doctest_dynarr_moveable.cpp(24,33): error C2065: ar_dest: необъявленный идентификатор [D:\projects\misis2023f-23-check\misis2024s-23-02-naumov-r-y\build.check\prj.check\prj.check\doctest_dynarr\doctest_dynarr_m.vcxproj]
     7>D:\projects\misis2023f-23-check\misis2024s-23-02-naumov-r-y\prj.check\prj.check\doctest_dynarr\doctest_dynarr_moveable.cpp(25,5): error C2065: ar_orig: необъявленный идентификатор [D:\projects\misis2023f-23-check\misis2024s-23-02-naumov-r-y\build.check\prj.check\prj.check\doctest_dynarr\doctest_dynarr_m.vcxproj]
     7>D:\projects\misis2023f-23-check\misis2024s-23-02-naumov-r-y\prj.check\prj.check\doctest_dynarr\doctest_dynarr_moveable.cpp(25,5): error C2065: ar_dest: необъявленный идентификатор [D:\projects\misis2023f-23-check\misis2024s-23-02-naumov-r-y\build.check\prj.check\prj.check\doctest_dynarr\doctest_dynarr_m.vcxproj]
     7>D:\projects\misis2023f-23-check\misis2024s-23-02-naumov-r-y\prj.check\prj.check\doctest_dynarr\doctest_dynarr_moveable.cpp(30,3): error C2065: DynArr: необъявленный идентификатор [D:\projects\misis2023f-23-check\misis2024s-23-02-naumov-r-y\build.check\prj.check\prj.check\doctest_dynarr\doctest_dynarr_m.vcxproj]
     7>D:\projects\misis2023f-23-check\misis2024s-23-02-naumov-r-y\prj.check\prj.check\doctest_dynarr\doctest_dynarr_moveable.cpp(30,10): error C2146: синтаксическая ошибка: отсутствие ";" перед идентификатором "st_orig" [D:\projects\misis2023f-23-check\misis2024s-23-02-naumov-r-y\build.check\prj.check\prj.check\doctest_dynarr\doctest_dynarr_m.vcxproj]
     7>D:\projects\misis2023f-23-check\misis2024s-23-02-naumov-r-y\prj.check\prj.check\doctest_dynarr\doctest_dynarr_moveable.cpp(30,10): error C3861: st_orig: идентификатор не найден [D:\projects\misis2023f-23-check\misis2024s-23-02-naumov-r-y\build.check\prj.check\prj.check\doctest_dynarr\doctest_dynarr_m.vcxproj]
     7>D:\projects\misis2023f-23-check\misis2024s-23-02-naumov-r-y\prj.check\prj.check\doctest_dynarr\doctest_dynarr_moveable.cpp(36,7): error C2065: DynArr: необъявленный идентификатор [D:\projects\misis2023f-23-check\misis2024s-23-02-naumov-r-y\build.check\prj.check\prj.check\doctest_dynarr\doctest_dynarr_m.vcxproj]
     7>D:\projects\misis2023f-23-check\misis2024s-23-02-naumov-r-y\prj.check\prj.check\doctest_dynarr\doctest_dynarr_moveable.cpp(36,14): error C2146: синтаксическая ошибка: отсутствие ";" перед идентификатором "st_copy" [D:\projects\misis2023f-23-check\misis2024s-23-02-naumov-r-y\build.check\prj.check\prj.check\doctest_dynarr\doctest_dynarr_m.vcxproj]
     7>D:\projects\misis2023f-23-check\misis2024s-23-02-naumov-r-y\prj.check\prj.check\doctest_dynarr\doctest_dynarr_moveable.cpp(36,14): error C2065: st_copy: необъявленный идентификатор [D:\projects\misis2023f-23-check\misis2024s-23-02-naumov-r-y\build.check\prj.check\prj.check\doctest_dynarr\doctest_dynarr_m.vcxproj]
     7>D:\projects\misis2023f-23-check\misis2024s-23-02-naumov-r-y\prj.check\prj.check\doctest_dynarr\doctest_dynarr_moveable.cpp(36,24): error C2065: st_orig: необъявленный идентификатор [D:\projects\misis2023f-23-check\misis2024s-23-02-naumov-r-y\build.check\prj.check\prj.check\doctest_dynarr\doctest_dynarr_m.vcxproj]
     7>D:\projects\misis2023f-23-check\misis2024s-23-02-naumov-r-y\prj.check\prj.check\doctest_dynarr\doctest_dynarr_moveable.cpp(47,7): error C2065: DynArr: необъявленный идентификатор [D:\projects\misis2023f-23-check\misis2024s-23-02-naumov-r-y\build.check\prj.check\prj.check\doctest_dynarr\doctest_dynarr_m.vcxproj]
     7>D:\projects\misis2023f-23-check\misis2024s-23-02-naumov-r-y\prj.check\prj.check\doctest_dynarr\doctest_dynarr_moveable.cpp(47,14): error C2146: синтаксическая ошибка: отсутствие ";" перед идентификатором "st_copy" [D:\projects\misis2023f-23-check\misis2024s-23-02-naumov-r-y\build.check\prj.check\prj.check\doctest_dynarr\doctest_dynarr_m.vcxproj]
     7>D:\projects\misis2023f-23-check\misis2024s-23-02-naumov-r-y\prj.check\prj.check\doctest_dynarr\doctest_dynarr_moveable.cpp(47,14): error C2065: st_copy: необъявленный идентификатор [D:\projects\misis2023f-23-check\misis2024s-23-02-naumov-r-y\build.check\prj.check\prj.check\doctest_dynarr\doctest_dynarr_m.vcxproj]
     7>D:\projects\misis2023f-23-check\misis2024s-23-02-naumov-r-y\prj.check\prj.check\doctest_dynarr\doctest_dynarr_moveable.cpp(47,34): error C2065: st_orig: необъявленный идентификатор [D:\projects\misis2023f-23-check\misis2024s-23-02-naumov-r-y\build.check\prj.check\prj.check\doctest_dynarr\doctest_dynarr_m.vcxproj]
     7>D:\projects\misis2023f-23-check\misis2024s-23-02-naumov-r-y\prj.check\prj.check\doctest_dynarr\doctest_dynarr_moveable.cpp(64,3): error C2065: DynArr: необъявленный идентификатор [D:\projects\misis2023f-23-check\misis2024s-23-02-naumov-r-y\build.check\prj.check\prj.check\doctest_dynarr\doctest_dynarr_m.vcxproj]
     7>D:\projects\misis2023f-23-check\misis2024s-23-02-naumov-r-y\prj.check\prj.check\doctest_dynarr\doctest_dynarr_moveable.cpp(64,10): error C2146: синтаксическая ошибка: отсутствие ";" перед идентификатором "st_orig" [D:\projects\misis2023f-23-check\misis2024s-23-02-naumov-r-y\build.check\prj.check\prj.check\doctest_dynarr\doctest_dynarr_m.vcxproj]
     7>D:\projects\misis2023f-23-check\misis2024s-23-02-naumov-r-y\prj.check\prj.check\doctest_dynarr\doctest_dynarr_moveable.cpp(64,10): error C3861: st_orig: идентификатор не найден [D:\projects\misis2023f-23-check\misis2024s-23-02-naumov-r-y\build.check\prj.check\prj.check\doctest_dynarr\doctest_dynarr_m.vcxproj]
     7>D:\projects\misis2023f-23-check\misis2024s-23-02-naumov-r-y\prj.check\prj.check\doctest_dynarr\doctest_dynarr_moveable.cpp(70,7): error C2065: DynArr: необъявленный идентификатор [D:\projects\misis2023f-23-check\misis2024s-23-02-naumov-r-y\build.check\prj.check\prj.check\doctest_dynarr\doctest_dynarr_m.vcxproj]
     7>D:\projects\misis2023f-23-check\misis2024s-23-02-naumov-r-y\prj.check\prj.check\doctest_dynarr\doctest_dynarr_moveable.cpp(70,14): error C2146: синтаксическая ошибка: отсутствие ";" перед идентификатором "st_copy" [D:\projects\misis2023f-23-check\misis2024s-23-02-naumov-r-y\build.check\prj.check\prj.check\doctest_dynarr\doctest_dynarr_m.vcxproj]
     7>D:\projects\misis2023f-23-check\misis2024s-23-02-naumov-r-y\prj.check\prj.check\doctest_dynarr\doctest_dynarr_moveable.cpp(70,14): error C2065: st_copy: необъявленный идентификатор [D:\projects\misis2023f-23-check\misis2024s-23-02-naumov-r-y\build.check\prj.check\prj.check\doctest_dynarr\doctest_dynarr_m.vcxproj]
     7>D:\projects\misis2023f-23-check\misis2024s-23-02-naumov-r-y\prj.check\prj.check\doctest_dynarr\doctest_dynarr_moveable.cpp(71,7): error C2065: st_copy: необъявленный идентификатор [D:\projects\misis2023f-23-check\misis2024s-23-02-naumov-r-y\build.check\prj.check\prj.check\doctest_dynarr\doctest_dynarr_m.vcxproj]
     7>D:\projects\misis2023f-23-check\misis2024s-23-02-naumov-r-y\prj.check\prj.check\doctest_dynarr\doctest_dynarr_moveable.cpp(71,17): error C2065: st_orig: необъявленный идентификатор [D:\projects\misis2023f-23-check\misis2024s-23-02-naumov-r-y\build.check\prj.check\prj.check\doctest_dynarr\doctest_dynarr_m.vcxproj]
     7>D:\projects\misis2023f-23-check\misis2024s-23-02-naumov-r-y\prj.check\prj.check\doctest_dynarr\doctest_dynarr_moveable.cpp(83,7): error C2065: DynArr: необъявленный идентификатор [D:\projects\misis2023f-23-check\misis2024s-23-02-naumov-r-y\build.check\prj.check\prj.check\doctest_dynarr\doctest_dynarr_m.vcxproj]
     7>D:\projects\misis2023f-23-check\misis2024s-23-02-naumov-r-y\prj.check\prj.check\doctest_dynarr\doctest_dynarr_moveable.cpp(83,14): error C2146: синтаксическая ошибка: отсутствие ";" перед идентификатором "st_copy" [D:\projects\misis2023f-23-check\misis2024s-23-02-naumov-r-y\build.check\prj.check\prj.check\doctest_dynarr\doctest_dynarr_m.vcxproj]
     7>D:\projects\misis2023f-23-check\misis2024s-23-02-naumov-r-y\prj.check\prj.check\doctest_dynarr\doctest_dynarr_moveable.cpp(83,14): error C2065: st_copy: необъявленный идентификатор [D:\projects\misis2023f-23-check\misis2024s-23-02-naumov-r-y\build.check\prj.check\prj.check\doctest_dynarr\doctest_dynarr_m.vcxproj]
     7>D:\projects\misis2023f-23-check\misis2024s-23-02-naumov-r-y\prj.check\prj.check\doctest_dynarr\doctest_dynarr_moveable.cpp(84,7): error C2065: st_copy: необъявленный идентификатор [D:\projects\misis2023f-23-check\misis2024s-23-02-naumov-r-y\build.check\prj.check\prj.check\doctest_dynarr\doctest_dynarr_m.vcxproj]
     7>D:\projects\misis2023f-23-check\misis2024s-23-02-naumov-r-y\prj.check\prj.check\doctest_dynarr\doctest_dynarr_moveable.cpp(84,27): error C2065: st_orig: необъявленный идентификатор [D:\projects\misis2023f-23-check\misis2024s-23-02-naumov-r-y\build.check\prj.check\prj.check\doctest_dynarr\doctest_dynarr_m.vcxproj]
     4>D:\projects\misis2023f-23-check\misis2024s-23-02-naumov-r-y\prj.check\prj.check\doctest_dynarr\doctest_dynarr.cpp(28,3): error C3861: DynArr: идентификатор не найден [D:\projects\misis2023f-23-check\misis2024s-23-02-naumov-r-y\build.check\prj.check\prj.check\doctest_dynarr\doctest_dynarr.vcxproj]
     4>D:\projects\misis2023f-23-check\misis2024s-23-02-naumov-r-y\prj.check\prj.check\doctest_dynarr\doctest_dynarr.cpp(29,3): error C3861: DynArr: идентификатор не найден [D:\projects\misis2023f-23-check\misis2024s-23-02-naumov-r-y\build.check\prj.check\prj.check\doctest_dynarr\doctest_dynarr.vcxproj]
     4>D:\projects\misis2023f-23-check\misis2024s-23-02-naumov-r-y\prj.check\prj.check\doctest_dynarr\doctest_dynarr.cpp(33,3): error C2065: DynArr: необъявленный идентификатор [D:\projects\misis2023f-23-check\misis2024s-23-02-naumov-r-y\build.check\prj.check\prj.check\doctest_dynarr\doctest_dynarr.vcxproj]
     4>D:\projects\misis2023f-23-check\misis2024s-23-02-naumov-r-y\prj.check\prj.check\doctest_dynarr\doctest_dynarr.cpp(33,10): error C2146: синтаксическая ошибка: отсутствие ";" перед идентификатором "ar" [D:\projects\misis2023f-23-check\misis2024s-23-02-naumov-r-y\build.check\prj.check\prj.check\doctest_dynarr\doctest_dynarr.vcxproj]
     4>D:\projects\misis2023f-23-check\misis2024s-23-02-naumov-r-y\prj.check\prj.check\doctest_dynarr\doctest_dynarr.cpp(33,10): error C3861: ar: идентификатор не найден [D:\projects\misis2023f-23-check\misis2024s-23-02-naumov-r-y\build.check\prj.check\prj.check\doctest_dynarr\doctest_dynarr.vcxproj]
     4>D:\projects\misis2023f-23-check\misis2024s-23-02-naumov-r-y\prj.check\prj.check\doctest_dynarr\doctest_dynarr.cpp(34,22): error C2065: ar: необъявленный идентификатор [D:\projects\misis2023f-23-check\misis2024s-23-02-naumov-r-y\build.check\prj.check\prj.check\doctest_dynarr\doctest_dynarr.vcxproj]
     4>D:\projects\misis2023f-23-check\misis2024s-23-02-naumov-r-y\prj.check\prj.check\doctest_dynarr\doctest_dynarr.cpp(35,5): error C2065: ar: необъявленный идентификатор [D:\projects\misis2023f-23-check\misis2024s-23-02-naumov-r-y\build.check\prj.check\prj.check\doctest_dynarr\doctest_dynarr.vcxproj]
     4>D:\projects\misis2023f-23-check\misis2024s-23-02-naumov-r-y\prj.check\prj.check\doctest_dynarr\doctest_dynarr.cpp(37,3): error C2065: DynArr: необъявленный идентификатор [D:\projects\misis2023f-23-check\misis2024s-23-02-naumov-r-y\build.check\prj.check\prj.check\doctest_dynarr\doctest_dynarr.vcxproj]
     4>D:\projects\misis2023f-23-check\misis2024s-23-02-naumov-r-y\prj.check\prj.check\doctest_dynarr\doctest_dynarr.cpp(37,10): error C2146: синтаксическая ошибка: отсутствие ";" перед идентификатором "ar_copy" [D:\projects\misis2023f-23-check\misis2024s-23-02-naumov-r-y\build.check\prj.check\prj.check\doctest_dynarr\doctest_dynarr.vcxproj]
     4>D:\projects\misis2023f-23-check\misis2024s-23-02-naumov-r-y\prj.check\prj.check\doctest_dynarr\doctest_dynarr.cpp(37,18): error C2065: ar: необъявленный идентификатор [D:\projects\misis2023f-23-check\misis2024s-23-02-naumov-r-y\build.check\prj.check\prj.check\doctest_dynarr\doctest_dynarr.vcxproj]
     4>D:\projects\misis2023f-23-check\misis2024s-23-02-naumov-r-y\prj.check\prj.check\doctest_dynarr\doctest_dynarr.cpp(37,10): error C3861: ar_copy: идентификатор не найден [D:\projects\misis2023f-23-check\misis2024s-23-02-naumov-r-y\build.check\prj.check\prj.check\doctest_dynarr\doctest_dynarr.vcxproj]
     4>D:\projects\misis2023f-23-check\misis2024s-23-02-naumov-r-y\prj.check\prj.check\doctest_dynarr\doctest_dynarr.cpp(38,3): error C2065: ar: необъявленный идентификатор [D:\projects\misis2023f-23-check\misis2024s-23-02-naumov-r-y\build.check\prj.check\prj.check\doctest_dynarr\doctest_dynarr.vcxproj]
     4>D:\projects\misis2023f-23-check\misis2024s-23-02-naumov-r-y\prj.check\prj.check\doctest_dynarr\doctest_dynarr.cpp(38,3): error C2065: ar_copy: необъявленный идентификатор [D:\projects\misis2023f-23-check\misis2024s-23-02-naumov-r-y\build.check\prj.check\prj.check\doctest_dynarr\doctest_dynarr.vcxproj]
     4>D:\projects\misis2023f-23-check\misis2024s-23-02-naumov-r-y\prj.check\prj.check\doctest_dynarr\doctest_dynarr.cpp(39,22): error C2065: ar: необъявленный идентификатор [D:\projects\misis2023f-23-check\misis2024s-23-02-naumov-r-y\build.check\prj.check\prj.check\doctest_dynarr\doctest_dynarr.vcxproj]
     4>D:\projects\misis2023f-23-check\misis2024s-23-02-naumov-r-y\prj.check\prj.check\doctest_dynarr\doctest_dynarr.cpp(40,5): error C2065: ar: необъявленный идентификатор [D:\projects\misis2023f-23-check\misis2024s-23-02-naumov-r-y\build.check\prj.check\prj.check\doctest_dynarr\doctest_dynarr.vcxproj]
     4>D:\projects\misis2023f-23-check\misis2024s-23-02-naumov-r-y\prj.check\prj.check\doctest_dynarr\doctest_dynarr.cpp(40,5): error C2065: ar_copy: необъявленный идентификатор [D:\projects\misis2023f-23-check\misis2024s-23-02-naumov-r-y\build.check\prj.check\prj.check\doctest_dynarr\doctest_dynarr.vcxproj]
     4>D:\projects\misis2023f-23-check\misis2024s-23-02-naumov-r-y\prj.check\prj.check\doctest_dynarr\doctest_dynarr.cpp(40,5): error C2512: doctest::Approx: нет подходящего конструктора по умолчанию [D:\projects\misis2023f-23-check\misis2024s-23-02-naumov-r-y\build.check\prj.check\prj.check\doctest_dynarr\doctest_dynarr.vcxproj]
     4>D:\projects\misis2023f-23-check\misis2024s-23-02-naumov-r-y\prj.check\prj.check\doctest_dynarr\doctest_dynarr.cpp(40,5): error C2672: "doctest::detail::ResultBuilder::binary_assert": не найдена соответствующая перегруженная функция [D:\projects\misis2023f-23-check\misis2024s-23-02-naumov-r-y\build.check\prj.check\prj.check\doctest_dynarr\doctest_dynarr.vcxproj]
     4>D:\projects\misis2023f-23-check\misis2024s-23-02-naumov-r-y\prj.check\prj.check\doctest_dynarr\doctest_dynarr.cpp(42,22): error C2065: ar: необъявленный идентификатор [D:\projects\misis2023f-23-check\misis2024s-23-02-naumov-r-y\build.check\prj.check\prj.check\doctest_dynarr\doctest_dynarr.vcxproj]
     4>D:\projects\misis2023f-23-check\misis2024s-23-02-naumov-r-y\prj.check\prj.check\doctest_dynarr\doctest_dynarr.cpp(43,5): error C2065: ar: необъявленный идентификатор [D:\projects\misis2023f-23-check\misis2024s-23-02-naumov-r-y\build.check\prj.check\prj.check\doctest_dynarr\doctest_dynarr.vcxproj]
     4>D:\projects\misis2023f-23-check\misis2024s-23-02-naumov-r-y\prj.check\prj.check\doctest_dynarr\doctest_dynarr.cpp(45,22): error C2065: ar: необъявленный идентификатор [D:\projects\misis2023f-23-check\misis2024s-23-02-naumov-r-y\build.check\prj.check\prj.check\doctest_dynarr\doctest_dynarr.vcxproj]
     4>D:\projects\misis2023f-23-check\misis2024s-23-02-naumov-r-y\prj.check\prj.check\doctest_dynarr\doctest_dynarr.cpp(46,5): error C2065: ar: необъявленный идентификатор [D:\projects\misis2023f-23-check\misis2024s-23-02-naumov-r-y\build.check\prj.check\prj.check\doctest_dynarr\doctest_dynarr.vcxproj]
     4>D:\projects\misis2023f-23-check\misis2024s-23-02-naumov-r-y\prj.check\prj.check\doctest_dynarr\doctest_dynarr.cpp(46,5): error C2065: ar_copy: необъявленный идентификатор [D:\projects\misis2023f-23-check\misis2024s-23-02-naumov-r-y\build.check\prj.check\prj.check\doctest_dynarr\doctest_dynarr.vcxproj]
     4>D:\projects\misis2023f-23-check\misis2024s-23-02-naumov-r-y\prj.check\prj.check\doctest_dynarr\doctest_dynarr.cpp(46,5): error C2512: doctest::Approx: нет подходящего конструктора по умолчанию [D:\projects\misis2023f-23-check\misis2024s-23-02-naumov-r-y\build.check\prj.check\prj.check\doctest_dynarr\doctest_dynarr.vcxproj]
     4>D:\projects\misis2023f-23-check\misis2024s-23-02-naumov-r-y\prj.check\prj.check\doctest_dynarr\doctest_dynarr.cpp(46,5): error C2672: "doctest::detail::ResultBuilder::binary_assert": не найдена соответствующая перегруженная функция [D:\projects\misis2023f-23-check\misis2024s-23-02-naumov-r-y\build.check\prj.check\prj.check\doctest_dynarr\doctest_dynarr.vcxproj]
     4>D:\projects\misis2023f-23-check\misis2024s-23-02-naumov-r-y\prj.check\prj.check\doctest_dynarr\doctest_dynarr.cpp(51,3): error C2065: DynArr: необъявленный идентификатор [D:\projects\misis2023f-23-check\misis2024s-23-02-naumov-r-y\build.check\prj.check\prj.check\doctest_dynarr\doctest_dynarr.vcxproj]
     4>D:\projects\misis2023f-23-check\misis2024s-23-02-naumov-r-y\prj.check\prj.check\doctest_dynarr\doctest_dynarr.cpp(51,10): error C2146: синтаксическая ошибка: отсутствие ";" перед идентификатором "ar" [D:\projects\misis2023f-23-check\misis2024s-23-02-naumov-r-y\build.check\prj.check\prj.check\doctest_dynarr\doctest_dynarr.vcxproj]
     4>D:\projects\misis2023f-23-check\misis2024s-23-02-naumov-r-y\prj.check\prj.check\doctest_dynarr\doctest_dynarr.cpp(51,10): error C3861: ar: идентификатор не найден [D:\projects\misis2023f-23-check\misis2024s-23-02-naumov-r-y\build.check\prj.check\prj.check\doctest_dynarr\doctest_dynarr.vcxproj]
     4>D:\projects\misis2023f-23-check\misis2024s-23-02-naumov-r-y\prj.check\prj.check\doctest_dynarr\doctest_dynarr.cpp(52,22): error C2065: ar: необъявленный идентификатор [D:\projects\misis2023f-23-check\misis2024s-23-02-naumov-r-y\build.check\prj.check\prj.check\doctest_dynarr\doctest_dynarr.vcxproj]
     4>D:\projects\misis2023f-23-check\misis2024s-23-02-naumov-r-y\prj.check\prj.check\doctest_dynarr\doctest_dynarr.cpp(53,5): error C2065: ar: необъявленный идентификатор [D:\projects\misis2023f-23-check\misis2024s-23-02-naumov-r-y\build.check\prj.check\prj.check\doctest_dynarr\doctest_dynarr.vcxproj]
     4>D:\projects\misis2023f-23-check\misis2024s-23-02-naumov-r-y\prj.check\prj.check\doctest_dynarr\doctest_dynarr.cpp(57,3): error C2065: ar: необъявленный идентификатор [D:\projects\misis2023f-23-check\misis2024s-23-02-naumov-r-y\build.check\prj.check\prj.check\doctest_dynarr\doctest_dynarr.vcxproj]
     4>D:\projects\misis2023f-23-check\misis2024s-23-02-naumov-r-y\prj.check\prj.check\doctest_dynarr\doctest_dynarr.cpp(57,8): error C2065: ar: необъявленный идентификатор [D:\projects\misis2023f-23-check\misis2024s-23-02-naumov-r-y\build.check\prj.check\prj.check\doctest_dynarr\doctest_dynarr.vcxproj]
     4>D:\projects\misis2023f-23-check\misis2024s-23-02-naumov-r-y\prj.check\prj.check\doctest_dynarr\doctest_dynarr.cpp(58,22): error C2065: ar: необъявленный идентификатор [D:\projects\misis2023f-23-check\misis2024s-23-02-naumov-r-y\build.check\prj.check\prj.check\doctest_dynarr\doctest_dynarr.vcxproj]
     4>D:\projects\misis2023f-23-check\misis2024s-23-02-naumov-r-y\prj.check\prj.check\doctest_dynarr\doctest_dynarr.cpp(59,33): error C2065: ar: необъявленный идентификатор [D:\projects\misis2023f-23-check\misis2024s-23-02-naumov-r-y\build.check\prj.check\prj.check\doctest_dynarr\doctest_dynarr.vcxproj]
     4>D:\projects\misis2023f-23-check\misis2024s-23-02-naumov-r-y\prj.check\prj.check\doctest_dynarr\doctest_dynarr.cpp(64,3): error C2065: DynArr: необъявленный идентификатор [D:\projects\misis2023f-23-check\misis2024s-23-02-naumov-r-y\build.check\prj.check\prj.check\doctest_dynarr\doctest_dynarr.vcxproj]
     4>D:\projects\misis2023f-23-check\misis2024s-23-02-naumov-r-y\prj.check\prj.check\doctest_dynarr\doctest_dynarr.cpp(64,10): error C2146: синтаксическая ошибка: отсутствие ";" перед идентификатором "ar_copy" [D:\projects\misis2023f-23-check\misis2024s-23-02-naumov-r-y\build.check\prj.check\prj.check\doctest_dynarr\doctest_dynarr.vcxproj]
     4>D:\projects\misis2023f-23-check\misis2024s-23-02-naumov-r-y\prj.check\prj.check\doctest_dynarr\doctest_dynarr.cpp(64,10): error C2065: ar_copy: необъявленный идентификатор [D:\projects\misis2023f-23-check\misis2024s-23-02-naumov-r-y\build.check\prj.check\prj.check\doctest_dynarr\doctest_dynarr.vcxproj]
     4>D:\projects\misis2023f-23-check\misis2024s-23-02-naumov-r-y\prj.check\prj.check\doctest_dynarr\doctest_dynarr.cpp(65,3): error C2065: ar: необъявленный идентификатор [D:\projects\misis2023f-23-check\misis2024s-23-02-naumov-r-y\build.check\prj.check\prj.check\doctest_dynarr\doctest_dynarr.vcxproj]
     4>D:\projects\misis2023f-23-check\misis2024s-23-02-naumov-r-y\prj.check\prj.check\doctest_dynarr\doctest_dynarr.cpp(65,3): error C2065: ar_copy: необъявленный идентификатор [D:\projects\misis2023f-23-check\misis2024s-23-02-naumov-r-y\build.check\prj.check\prj.check\doctest_dynarr\doctest_dynarr.vcxproj]
     4>D:\projects\misis2023f-23-check\misis2024s-23-02-naumov-r-y\prj.check\prj.check\doctest_dynarr\doctest_dynarr.cpp(66,3): error C2065: ar_copy: необъявленный идентификатор [D:\projects\misis2023f-23-check\misis2024s-23-02-naumov-r-y\build.check\prj.check\prj.check\doctest_dynarr\doctest_dynarr.vcxproj]
     4>D:\projects\misis2023f-23-check\misis2024s-23-02-naumov-r-y\prj.check\prj.check\doctest_dynarr\doctest_dynarr.cpp(66,13): error C2065: ar: необъявленный идентификатор [D:\projects\misis2023f-23-check\misis2024s-23-02-naumov-r-y\build.check\prj.check\prj.check\doctest_dynarr\doctest_dynarr.vcxproj]
     4>D:\projects\misis2023f-23-check\misis2024s-23-02-naumov-r-y\prj.check\prj.check\doctest_dynarr\doctest_dynarr.cpp(67,16): error C2065: ar: необъявленный идентификатор [D:\projects\misis2023f-23-check\misis2024s-23-02-naumov-r-y\build.check\prj.check\prj.check\doctest_dynarr\doctest_dynarr.vcxproj]
     4>D:\projects\misis2023f-23-check\misis2024s-23-02-naumov-r-y\prj.check\prj.check\doctest_dynarr\doctest_dynarr.cpp(67,29): error C2065: ar_copy: необъявленный идентификатор [D:\projects\misis2023f-23-check\misis2024s-23-02-naumov-r-y\build.check\prj.check\prj.check\doctest_dynarr\doctest_dynarr.vcxproj]
     4>D:\projects\misis2023f-23-check\misis2024s-23-02-naumov-r-y\prj.check\prj.check\doctest_dynarr\doctest_dynarr.cpp(68,22): error C2065: ar: необъявленный идентификатор [D:\projects\misis2023f-23-check\misis2024s-23-02-naumov-r-y\build.check\prj.check\prj.check\doctest_dynarr\doctest_dynarr.vcxproj]
     4>D:\projects\misis2023f-23-check\misis2024s-23-02-naumov-r-y\prj.check\prj.check\doctest_dynarr\doctest_dynarr.cpp(69,33): error C2065: ar: необъявленный идентификатор [D:\projects\misis2023f-23-check\misis2024s-23-02-naumov-r-y\build.check\prj.check\prj.check\doctest_dynarr\doctest_dynarr.vcxproj]
     4>D:\projects\misis2023f-23-check\misis2024s-23-02-naumov-r-y\prj.check\prj.check\doctest_dynarr\doctest_dynarr.cpp(69,58): error C2065: ar_copy: необъявленный идентификатор [D:\projects\misis2023f-23-check\misis2024s-23-02-naumov-r-y\build.check\prj.check\prj.check\doctest_dynarr\doctest_dynarr.vcxproj]
     4>D:\projects\misis2023f-23-check\misis2024s-23-02-naumov-r-y\prj.check\prj.check\doctest_dynarr\doctest_dynarr.cpp(69,57): error C2512: doctest::Approx: нет подходящего конструктора по умолчанию [D:\projects\misis2023f-23-check\misis2024s-23-02-naumov-r-y\build.check\prj.check\prj.check\doctest_dynarr\doctest_dynarr.vcxproj]
     4>D:\projects\misis2023f-23-check\misis2024s-23-02-naumov-r-y\prj.check\prj.check\doctest_dynarr\doctest_dynarr.cpp(73,22): error C2065: ar: необъявленный идентификатор [D:\projects\misis2023f-23-check\misis2024s-23-02-naumov-r-y\build.check\prj.check\prj.check\doctest_dynarr\doctest_dynarr.vcxproj]
     4>D:\projects\misis2023f-23-check\misis2024s-23-02-naumov-r-y\prj.check\prj.check\doctest_dynarr\doctest_dynarr.cpp(74,5): error C2065: ar: необъявленный идентификатор [D:\projects\misis2023f-23-check\misis2024s-23-02-naumov-r-y\build.check\prj.check\prj.check\doctest_dynarr\doctest_dynarr.vcxproj]
     4>D:\projects\misis2023f-23-check\misis2024s-23-02-naumov-r-y\prj.check\prj.check\doctest_dynarr\doctest_dynarr.cpp(76,22): error C2065: ar: необъявленный идентификатор [D:\projects\misis2023f-23-check\misis2024s-23-02-naumov-r-y\build.check\prj.check\prj.check\doctest_dynarr\doctest_dynarr.vcxproj]
     4>D:\projects\misis2023f-23-check\misis2024s-23-02-naumov-r-y\prj.check\prj.check\doctest_dynarr\doctest_dynarr.cpp(77,33): error C2065: ar: необъявленный идентификатор [D:\projects\misis2023f-23-check\misis2024s-23-02-naumov-r-y\build.check\prj.check\prj.check\doctest_dynarr\doctest_dynarr.vcxproj]
     4>D:\projects\misis2023f-23-check\misis2024s-23-02-naumov-r-y\prj.check\prj.check\doctest_dynarr\doctest_dynarr.cpp(77,58): error C2065: ar_copy: необъявленный идентификатор [D:\projects\misis2023f-23-check\misis2024s-23-02-naumov-r-y\build.check\prj.check\prj.check\doctest_dynarr\doctest_dynarr.vcxproj]
     4>D:\projects\misis2023f-23-check\misis2024s-23-02-naumov-r-y\prj.check\prj.check\doctest_dynarr\doctest_dynarr.cpp(77,57): error C2512: doctest::Approx: нет подходящего конструктора по умолчанию [D:\projects\misis2023f-23-check\misis2024s-23-02-naumov-r-y\build.check\prj.check\prj.check\doctest_dynarr\doctest_dynarr.vcxproj]
     4>D:\projects\misis2023f-23-check\misis2024s-23-02-naumov-r-y\prj.check\prj.check\doctest_dynarr\doctest_dynarr.cpp(83,3): error C2065: DynArr: необъявленный идентификатор [D:\projects\misis2023f-23-check\misis2024s-23-02-naumov-r-y\build.check\prj.check\prj.check\doctest_dynarr\doctest_dynarr.vcxproj]
     4>D:\projects\misis2023f-23-check\misis2024s-23-02-naumov-r-y\prj.check\prj.check\doctest_dynarr\doctest_dynarr.cpp(83,10): error C2146: синтаксическая ошибка: отсутствие ";" перед идентификатором "ar100" [D:\projects\misis2023f-23-check\misis2024s-23-02-naumov-r-y\build.check\prj.check\prj.check\doctest_dynarr\doctest_dynarr.vcxproj]
     4>D:\projects\misis2023f-23-check\misis2024s-23-02-naumov-r-y\prj.check\prj.check\doctest_dynarr\doctest_dynarr.cpp(83,10): error C3861: ar100: идентификатор не найден [D:\projects\misis2023f-23-check\misis2024s-23-02-naumov-r-y\build.check\prj.check\prj.check\doctest_dynarr\doctest_dynarr.vcxproj]
     4>D:\projects\misis2023f-23-check\misis2024s-23-02-naumov-r-y\prj.check\prj.check\doctest_dynarr\doctest_dynarr.cpp(84,22): error C2065: ar100: необъявленный идентификатор [D:\projects\misis2023f-23-check\misis2024s-23-02-naumov-r-y\build.check\prj.check\prj.check\doctest_dynarr\doctest_dynarr.vcxproj]
     4>D:\projects\misis2023f-23-check\misis2024s-23-02-naumov-r-y\prj.check\prj.check\doctest_dynarr\doctest_dynarr.cpp(85,5): error C2065: ar100: необъявленный идентификатор [D:\projects\misis2023f-23-check\misis2024s-23-02-naumov-r-y\build.check\prj.check\prj.check\doctest_dynarr\doctest_dynarr.vcxproj]
     4>D:\projects\misis2023f-23-check\misis2024s-23-02-naumov-r-y\prj.check\prj.check\doctest_dynarr\doctest_dynarr.cpp(87,3): error C2065: ar_copy: необъявленный идентификатор [D:\projects\misis2023f-23-check\misis2024s-23-02-naumov-r-y\build.check\prj.check\prj.check\doctest_dynarr\doctest_dynarr.vcxproj]
     4>D:\projects\misis2023f-23-check\misis2024s-23-02-naumov-r-y\prj.check\prj.check\doctest_dynarr\doctest_dynarr.cpp(87,13): error C2065: ar100: необъявленный идентификатор [D:\projects\misis2023f-23-check\misis2024s-23-02-naumov-r-y\build.check\prj.check\prj.check\doctest_dynarr\doctest_dynarr.vcxproj]
     4>D:\projects\misis2023f-23-check\misis2024s-23-02-naumov-r-y\prj.check\prj.check\doctest_dynarr\doctest_dynarr.cpp(88,22): error C2065: ar: необъявленный идентификатор [D:\projects\misis2023f-23-check\misis2024s-23-02-naumov-r-y\build.check\prj.check\prj.check\doctest_dynarr\doctest_dynarr.vcxproj]
     4>D:\projects\misis2023f-23-check\misis2024s-23-02-naumov-r-y\prj.check\prj.check\doctest_dynarr\doctest_dynarr.cpp(89,33): error C2065: ar100: необъявленный идентификатор [D:\projects\misis2023f-23-check\misis2024s-23-02-naumov-r-y\build.check\prj.check\prj.check\doctest_dynarr\doctest_dynarr.vcxproj]
     4>D:\projects\misis2023f-23-check\misis2024s-23-02-naumov-r-y\prj.check\prj.check\doctest_dynarr\doctest_dynarr.cpp(89,61): error C2065: ar_copy: необъявленный идентификатор [D:\projects\misis2023f-23-check\misis2024s-23-02-naumov-r-y\build.check\prj.check\prj.check\doctest_dynarr\doctest_dynarr.vcxproj]
     4>D:\projects\misis2023f-23-check\misis2024s-23-02-naumov-r-y\prj.check\prj.check\doctest_dynarr\doctest_dynarr.cpp(89,60): error C2512: doctest::Approx: нет подходящего конструктора по умолчанию [D:\projects\misis2023f-23-check\misis2024s-23-02-naumov-r-y\build.check\prj.check\prj.check\doctest_dynarr\doctest_dynarr.vcxproj]
     4>D:\projects\misis2023f-23-check\misis2024s-23-02-naumov-r-y\prj.check\prj.check\doctest_dynarr\doctest_dynarr.cpp(97,3): error C2065: DynArr: необъявленный идентификатор [D:\projects\misis2023f-23-check\misis2024s-23-02-naumov-r-y\build.check\prj.check\prj.check\doctest_dynarr\doctest_dynarr.vcxproj]
     4>D:\projects\misis2023f-23-check\misis2024s-23-02-naumov-r-y\prj.check\prj.check\doctest_dynarr\doctest_dynarr.cpp(97,10): error C2146: синтаксическая ошибка: отсутствие ";" перед идентификатором "ar" [D:\projects\misis2023f-23-check\misis2024s-23-02-naumov-r-y\build.check\prj.check\prj.check\doctest_dynarr\doctest_dynarr.vcxproj]
     4>D:\projects\misis2023f-23-check\misis2024s-23-02-naumov-r-y\prj.check\prj.check\doctest_dynarr\doctest_dynarr.cpp(97,10): error C3861: ar: идентификатор не найден [D:\projects\misis2023f-23-check\misis2024s-23-02-naumov-r-y\build.check\prj.check\prj.check\doctest_dynarr\doctest_dynarr.vcxproj]
     4>D:\projects\misis2023f-23-check\misis2024s-23-02-naumov-r-y\prj.check\prj.check\doctest_dynarr\doctest_dynarr.cpp(98,3): error C2065: ar: необъявленный идентификатор [D:\projects\misis2023f-23-check\misis2024s-23-02-naumov-r-y\build.check\prj.check\prj.check\doctest_dynarr\doctest_dynarr.vcxproj]
     4>D:\projects\misis2023f-23-check\misis2024s-23-02-naumov-r-y\prj.check\prj.check\doctest_dynarr\doctest_dynarr.cpp(99,3): error C2065: ar: необъявленный идентификатор [D:\projects\misis2023f-23-check\misis2024s-23-02-naumov-r-y\build.check\prj.check\prj.check\doctest_dynarr\doctest_dynarr.vcxproj]
     4>D:\projects\misis2023f-23-check\misis2024s-23-02-naumov-r-y\prj.check\prj.check\doctest_dynarr\doctest_dynarr.cpp(100,3): error C2065: ar: необъявленный идентификатор [D:\projects\misis2023f-23-check\misis2024s-23-02-naumov-r-y\build.check\prj.check\prj.check\doctest_dynarr\doctest_dynarr.vcxproj]
     4>D:\projects\misis2023f-23-check\misis2024s-23-02-naumov-r-y\prj.check\prj.check\doctest_dynarr\doctest_dynarr.cpp(101,3): error C2065: ar: необъявленный идентификатор [D:\projects\misis2023f-23-check\misis2024s-23-02-naumov-r-y\build.check\prj.check\prj.check\doctest_dynarr\doctest_dynarr.vcxproj]
     4>D:\projects\misis2023f-23-check\misis2024s-23-02-naumov-r-y\prj.check\prj.check\doctest_dynarr\doctest_dynarr.cpp(102,21): error C2065: ar: необъявленный идентификатор [D:\projects\misis2023f-23-check\misis2024s-23-02-naumov-r-y\build.check\prj.check\prj.check\doctest_dynarr\doctest_dynarr.vcxproj]
     4>D:\projects\misis2023f-23-check\misis2024s-23-02-naumov-r-y\prj.check\prj.check\doctest_dynarr\doctest_dynarr.cpp(103,3): error C2065: ar: необъявленный идентификатор [D:\projects\misis2023f-23-check\misis2024s-23-02-naumov-r-y\build.check\prj.check\prj.check\doctest_dynarr\doctest_dynarr.vcxproj]
     4>D:\projects\misis2023f-23-check\misis2024s-23-02-naumov-r-y\prj.check\prj.check\doctest_dynarr\doctest_dynarr.cpp(104,3): error C2065: ar: необъявленный идентификатор [D:\projects\misis2023f-23-check\misis2024s-23-02-naumov-r-y\build.check\prj.check\prj.check\doctest_dynarr\doctest_dynarr.vcxproj]
     4>D:\projects\misis2023f-23-check\misis2024s-23-02-naumov-r-y\prj.check\prj.check\doctest_dynarr\doctest_dynarr.cpp(110,3): error C2065: DynArr: необъявленный идентификатор [D:\projects\misis2023f-23-check\misis2024s-23-02-naumov-r-y\build.check\prj.check\prj.check\doctest_dynarr\doctest_dynarr.vcxproj]
     4>D:\projects\misis2023f-23-check\misis2024s-23-02-naumov-r-y\prj.check\prj.check\doctest_dynarr\doctest_dynarr.cpp(110,10): error C2146: синтаксическая ошибка: отсутствие ";" перед идентификатором "ar" [D:\projects\misis2023f-23-check\misis2024s-23-02-naumov-r-y\build.check\prj.check\prj.check\doctest_dynarr\doctest_dynarr.vcxproj]
     4>D:\projects\misis2023f-23-check\misis2024s-23-02-naumov-r-y\prj.check\prj.check\doctest_dynarr\doctest_dynarr.cpp(110,10): error C3861: ar: идентификатор не найден [D:\projects\misis2023f-23-check\misis2024s-23-02-naumov-r-y\build.check\prj.check\prj.check\doctest_dynarr\doctest_dynarr.vcxproj]
     4>D:\projects\misis2023f-23-check\misis2024s-23-02-naumov-r-y\prj.check\prj.check\doctest_dynarr\doctest_dynarr.cpp(111,22): error C2065: ar: необъявленный идентификатор [D:\projects\misis2023f-23-check\misis2024s-23-02-naumov-r-y\build.check\prj.check\prj.check\doctest_dynarr\doctest_dynarr.vcxproj]
     4>D:\projects\misis2023f-23-check\misis2024s-23-02-naumov-r-y\prj.check\prj.check\doctest_dynarr\doctest_dynarr.cpp(112,5): error C2065: ar: необъявленный идентификатор [D:\projects\misis2023f-23-check\misis2024s-23-02-naumov-r-y\build.check\prj.check\prj.check\doctest_dynarr\doctest_dynarr.vcxproj]
     4>D:\projects\misis2023f-23-check\misis2024s-23-02-naumov-r-y\prj.check\prj.check\doctest_dynarr\doctest_dynarr.cpp(114,3): error C2065: ar: необъявленный идентификатор [D:\projects\misis2023f-23-check\misis2024s-23-02-naumov-r-y\build.check\prj.check\prj.check\doctest_dynarr\doctest_dynarr.vcxproj]
     4>D:\projects\misis2023f-23-check\misis2024s-23-02-naumov-r-y\prj.check\prj.check\doctest_dynarr\doctest_dynarr.cpp(116,22): error C2065: ar: необъявленный идентификатор [D:\projects\misis2023f-23-check\misis2024s-23-02-naumov-r-y\build.check\prj.check\prj.check\doctest_dynarr\doctest_dynarr.vcxproj]
     4>D:\projects\misis2023f-23-check\misis2024s-23-02-naumov-r-y\prj.check\prj.check\doctest_dynarr\doctest_dynarr.cpp(117,35): error C2065: ar: необъявленный идентификатор [D:\projects\misis2023f-23-check\misis2024s-23-02-naumov-r-y\build.check\prj.check\prj.check\doctest_dynarr\doctest_dynarr.vcxproj]
     4>D:\projects\misis2023f-23-check\misis2024s-23-02-naumov-r-y\prj.check\prj.check\doctest_dynarr\doctest_dynarr.cpp(121,3): error C2065: ar: необъявленный идентификатор [D:\projects\misis2023f-23-check\misis2024s-23-02-naumov-r-y\build.check\prj.check\prj.check\doctest_dynarr\doctest_dynarr.vcxproj]
     4>D:\projects\misis2023f-23-check\misis2024s-23-02-naumov-r-y\prj.check\prj.check\doctest_dynarr\doctest_dynarr.cpp(123,35): error C2065: ar: необъявленный идентификатор [D:\projects\misis2023f-23-check\misis2024s-23-02-naumov-r-y\build.check\prj.check\prj.check\doctest_dynarr\doctest_dynarr.vcxproj]
     4>D:\projects\misis2023f-23-check\misis2024s-23-02-naumov-r-y\prj.check\prj.check\doctest_dynarr\doctest_dynarr.cpp(129,35): error C2065: ar: необъявленный идентификатор [D:\projects\misis2023f-23-check\misis2024s-23-02-naumov-r-y\build.check\prj.check\prj.check\doctest_dynarr\doctest_dynarr.vcxproj]
     4>D:\projects\misis2023f-23-check\misis2024s-23-02-naumov-r-y\prj.check\prj.check\doctest_dynarr\doctest_dynarr.cpp(134,3): error C2065: ar: необъявленный идентификатор [D:\projects\misis2023f-23-check\misis2024s-23-02-naumov-r-y\build.check\prj.check\prj.check\doctest_dynarr\doctest_dynarr.vcxproj]
     4>D:\projects\misis2023f-23-check\misis2024s-23-02-naumov-r-y\prj.check\prj.check\doctest_dynarr\doctest_dynarr.cpp(135,3): error C2065: ar: необъявленный идентификатор [D:\projects\misis2023f-23-check\misis2024s-23-02-naumov-r-y\build.check\prj.check\prj.check\doctest_dynarr\doctest_dynarr.vcxproj]
     4>D:\projects\misis2023f-23-check\misis2024s-23-02-naumov-r-y\prj.check\prj.check\doctest_dynarr\doctest_dynarr.cpp(136,3): error C2065: ar: необъявленный идентификатор [D:\projects\misis2023f-23-check\misis2024s-23-02-naumov-r-y\build.check\prj.check\prj.check\doctest_dynarr\doctest_dynarr.vcxproj]
     4>D:\projects\misis2023f-23-check\misis2024s-23-02-naumov-r-y\prj.check\prj.check\doctest_dynarr\doctest_dynarr.cpp(136,3): error C1003: число ошибок превышает 100; остановка компиляции [D:\projects\misis2023f-23-check\misis2024s-23-02-naumov-r-y\build.check\prj.check\prj.check\doctest_dynarr\doctest_dynarr.vcxproj]
